07-Jul-2020 18:34:06.584 信息 [main] org.apache.catalina.startup.VersionLoggerListener.log Server.æå¡å¨çæ¬: Apache Tomcat/@VERSION@
07-Jul-2020 18:34:06.591 信息 [main] org.apache.catalina.startup.VersionLoggerListener.log æå¡å¨æå»º:        @VERSION_BUILT@
07-Jul-2020 18:34:06.591 信息 [main] org.apache.catalina.startup.VersionLoggerListener.log æå¡å¨çæ¬å·(:     @VERSION_NUMBER@
07-Jul-2020 18:34:06.591 信息 [main] org.apache.catalina.startup.VersionLoggerListener.log æä½ç³»ç»åç§°:      Windows 10
07-Jul-2020 18:34:06.591 信息 [main] org.apache.catalina.startup.VersionLoggerListener.log OS.çæ¬:           10.0
07-Jul-2020 18:34:06.592 信息 [main] org.apache.catalina.startup.VersionLoggerListener.log æ¶æ:              amd64
07-Jul-2020 18:34:06.592 信息 [main] org.apache.catalina.startup.VersionLoggerListener.log Java ç¯å¢åé:     D:\tools\java\jdk1.8.0_191\jre
07-Jul-2020 18:34:06.592 信息 [main] org.apache.catalina.startup.VersionLoggerListener.log Javaèææºçæ¬:    1.8.0_191-b12
07-Jul-2020 18:34:06.592 信息 [main] org.apache.catalina.startup.VersionLoggerListener.log JVM.ä¾åºå:        Oracle Corporation
07-Jul-2020 18:34:06.592 信息 [main] org.apache.catalina.startup.VersionLoggerListener.log CATALINA_BASE:     E:\myStudyWorkSpace\tomcatcode\catalina_home
07-Jul-2020 18:34:06.592 信息 [main] org.apache.catalina.startup.VersionLoggerListener.log CATALINA_HOME:     E:\myStudyWorkSpace\tomcatcode\catalina_home
07-Jul-2020 18:34:06.593 信息 [main] org.apache.catalina.startup.VersionLoggerListener.log å½ä»¤è¡åæ°ï¼-Dcatalina.home=catalina_home
07-Jul-2020 18:34:06.593 信息 [main] org.apache.catalina.startup.VersionLoggerListener.log å½ä»¤è¡åæ°ï¼-Dcatalina.base=catalina_home
07-Jul-2020 18:34:06.593 信息 [main] org.apache.catalina.startup.VersionLoggerListener.log å½ä»¤è¡åæ°ï¼-Djava.endorsed.dirs=catalina_home/endorsed
07-Jul-2020 18:34:06.593 信息 [main] org.apache.catalina.startup.VersionLoggerListener.log å½ä»¤è¡åæ°ï¼-Djava.io.tmpdir=catalina_home/temp
07-Jul-2020 18:34:06.593 信息 [main] org.apache.catalina.startup.VersionLoggerListener.log å½ä»¤è¡åæ°ï¼-Djava.util.logging.manager=org.apache.juli.ClassLoaderLogManager
07-Jul-2020 18:34:06.593 信息 [main] org.apache.catalina.startup.VersionLoggerListener.log å½ä»¤è¡åæ°ï¼-Djava.util.logging.config.file=catalina_home/conf/logging.properties
07-Jul-2020 18:34:06.593 信息 [main] org.apache.catalina.startup.VersionLoggerListener.log å½ä»¤è¡åæ°ï¼-javaagent:D:\tools\java\idea\IntelliJ IDEA 2018.2.2\lib\idea_rt.jar=58277:D:\tools\java\idea\IntelliJ IDEA 2018.2.2\bin
07-Jul-2020 18:34:06.594 信息 [main] org.apache.catalina.startup.VersionLoggerListener.log å½ä»¤è¡åæ°ï¼-Dfile.encoding=UTF-8
07-Jul-2020 18:34:06.594 信息 [main] org.apache.catalina.core.AprLifecycleListener.lifecycleEvent å¨java.library.path:[D:\tools\java\jdk1.8.0_191\bin;C:\WINDOWS\Sun\Java\bin;C:\WINDOWS\system32;C:\WINDOWS;D:\Program Files (x86)\NetSarang\Xshell 6\;D:\Program Files (x86)\NetSarang\Xftp 6\;C:\Program Files (x86)\Common Files\Oracle\Java\javapath;C:\WINDOWS\system32;C:\WINDOWS;C:\WINDOWS\System32\Wbem;C:\WINDOWS\System32\WindowsPowerShell\v1.0\;C:\WINDOWS\System32\OpenSSH\;D:\tools\java\jdk1.8.0_191\bin;.;D:\tools\java\jdk1.8.0_191\lib;D:\tools\java\jdk1.8.0_191\lib\tool.jar;D:\tools\maven\maven\apache-maven-3.5.0\bin;D:\tools\Git\Git\cmd;C:\Program Files\MySQL\MySQL Server 5.5\bin;D:\tools\Redis-x64-3.2.100;D:\pdfTools\node\;D:\tools\gradle\gradle-4.10.1\bin;C:\Users\lqq\AppData\Local\Microsoft\WindowsApps;C:\Users\lqq\AppData\Roaming\npm;.]ä¸æ¾ä¸å°åºäºAPRçApache Tomcatæ¬æºåºï¼è¯¥åºåè®¸å¨çäº§ç¯å¢ä¸­è·å¾æä½³æ§è½
07-Jul-2020 18:34:06.929 信息 [main] org.apache.coyote.AbstractProtocol.init åå§ååè®®å¤çå¨ ["http-nio-8080"]
07-Jul-2020 18:34:07.707 信息 [main] org.apache.tomcat.util.net.NioSelectorPool.getSharedSelector Using a shared selector for servlet write/read
07-Jul-2020 18:34:07.741 信息 [main] org.apache.catalina.startup.Catalina.load Initialization processed in 1943 ms
07-Jul-2020 18:34:07.853 信息 [main] org.apache.catalina.core.StandardService.startInternal æ­£å¨å¯å¨æå¡[Catalina]
07-Jul-2020 18:34:07.853 信息 [main] org.apache.catalina.core.StandardEngine.startInternal Starting Servlet Engine: Apache Tomcat/@VERSION@
07-Jul-2020 18:34:07.883 信息 [localhost-startStop-1] org.apache.catalina.startup.HostConfig.deployDirectory æweb åºç¨ç¨åºé¨ç½²å°ç®å½ [E:\myStudyWorkSpace\tomcatcode\catalina_home\webapps\docs]
07-Jul-2020 18:34:08.623 信息 [localhost-startStop-1] org.apache.catalina.startup.HostConfig.deployDirectory Webåºç¨ç¨åºç®å½[E:\myStudyWorkSpace\tomcatcode\catalina_home\webapps\docs]çé¨ç½²å·²å¨[736]æ¯«ç§åå®æ
07-Jul-2020 18:34:08.623 信息 [localhost-startStop-1] org.apache.catalina.startup.HostConfig.deployDirectory æweb åºç¨ç¨åºé¨ç½²å°ç®å½ [E:\myStudyWorkSpace\tomcatcode\catalina_home\webapps\examples]
07-Jul-2020 18:34:08.758 严重 [localhost-startStop-1] org.apache.catalina.core.StandardContext.startInternal ä¸ä¸ªæå¤ä¸ªlistenerså¯å¨å¤±è´¥ï¼æ´å¤è¯¦ç»ä¿¡æ¯æ¥çå¯¹åºçå®¹å¨æ¥å¿æä»¶
07-Jul-2020 18:34:08.759 严重 [localhost-startStop-1] org.apache.catalina.core.StandardContext.startInternal ç±äºä¹åçéè¯¯ï¼Context[/examples]å¯å¨å¤±è´¥
07-Jul-2020 18:34:08.778 信息 [localhost-startStop-1] org.apache.catalina.startup.HostConfig.deployDirectory Webåºç¨ç¨åºç®å½[E:\myStudyWorkSpace\tomcatcode\catalina_home\webapps\examples]çé¨ç½²å·²å¨[155]æ¯«ç§åå®æ
07-Jul-2020 18:34:08.778 信息 [localhost-startStop-1] org.apache.catalina.startup.HostConfig.deployDirectory æweb åºç¨ç¨åºé¨ç½²å°ç®å½ [E:\myStudyWorkSpace\tomcatcode\catalina_home\webapps\host-manager]
07-Jul-2020 18:34:08.901 信息 [localhost-startStop-1] org.apache.catalina.startup.HostConfig.deployDirectory Webåºç¨ç¨åºç®å½[E:\myStudyWorkSpace\tomcatcode\catalina_home\webapps\host-manager]çé¨ç½²å·²å¨[123]æ¯«ç§åå®æ
07-Jul-2020 18:34:08.901 信息 [localhost-startStop-1] org.apache.catalina.startup.HostConfig.deployDirectory æweb åºç¨ç¨åºé¨ç½²å°ç®å½ [E:\myStudyWorkSpace\tomcatcode\catalina_home\webapps\manager]
07-Jul-2020 18:34:09.013 信息 [localhost-startStop-1] org.apache.catalina.startup.HostConfig.deployDirectory Webåºç¨ç¨åºç®å½[E:\myStudyWorkSpace\tomcatcode\catalina_home\webapps\manager]çé¨ç½²å·²å¨[112]æ¯«ç§åå®æ
07-Jul-2020 18:34:09.014 信息 [localhost-startStop-1] org.apache.catalina.startup.HostConfig.deployDirectory æweb åºç¨ç¨åºé¨ç½²å°ç®å½ [E:\myStudyWorkSpace\tomcatcode\catalina_home\webapps\ROOT]
07-Jul-2020 18:34:09.082 信息 [localhost-startStop-1] org.apache.catalina.startup.HostConfig.deployDirectory Webåºç¨ç¨åºç®å½[E:\myStudyWorkSpace\tomcatcode\catalina_home\webapps\ROOT]çé¨ç½²å·²å¨[68]æ¯«ç§åå®æ
07-Jul-2020 18:34:09.086 信息 [main] org.apache.coyote.AbstractProtocol.start å¼å§åè®®å¤çå¥æ["http-nio-8080"]
07-Jul-2020 18:34:09.099 信息 [main] org.apache.catalina.startup.Catalina.start Server startup in 1356 ms
07-Jul-2020 18:37:50.021 信息 [main] org.apache.catalina.startup.VersionLoggerListener.log Server.æå¡å¨çæ¬: Apache Tomcat/@VERSION@
07-Jul-2020 18:37:50.026 信息 [main] org.apache.catalina.startup.VersionLoggerListener.log æå¡å¨æå»º:        @VERSION_BUILT@
07-Jul-2020 18:37:50.026 信息 [main] org.apache.catalina.startup.VersionLoggerListener.log æå¡å¨çæ¬å·(:     @VERSION_NUMBER@
07-Jul-2020 18:37:50.026 信息 [main] org.apache.catalina.startup.VersionLoggerListener.log æä½ç³»ç»åç§°:      Windows 10
07-Jul-2020 18:37:50.026 信息 [main] org.apache.catalina.startup.VersionLoggerListener.log OS.çæ¬:           10.0
07-Jul-2020 18:37:50.026 信息 [main] org.apache.catalina.startup.VersionLoggerListener.log æ¶æ:              amd64
07-Jul-2020 18:37:50.027 信息 [main] org.apache.catalina.startup.VersionLoggerListener.log Java ç¯å¢åé:     D:\tools\java\jdk1.8.0_191\jre
07-Jul-2020 18:37:50.027 信息 [main] org.apache.catalina.startup.VersionLoggerListener.log Javaèææºçæ¬:    1.8.0_191-b12
07-Jul-2020 18:37:50.027 信息 [main] org.apache.catalina.startup.VersionLoggerListener.log JVM.ä¾åºå:        Oracle Corporation
07-Jul-2020 18:37:50.027 信息 [main] org.apache.catalina.startup.VersionLoggerListener.log CATALINA_BASE:     E:\myStudyWorkSpace\tomcatcode\catalina_home
07-Jul-2020 18:37:50.027 信息 [main] org.apache.catalina.startup.VersionLoggerListener.log CATALINA_HOME:     E:\myStudyWorkSpace\tomcatcode\catalina_home
07-Jul-2020 18:37:50.028 信息 [main] org.apache.catalina.startup.VersionLoggerListener.log å½ä»¤è¡åæ°ï¼-Dcatalina.home=catalina_home
07-Jul-2020 18:37:50.028 信息 [main] org.apache.catalina.startup.VersionLoggerListener.log å½ä»¤è¡åæ°ï¼-Dcatalina.base=catalina_home
07-Jul-2020 18:37:50.028 信息 [main] org.apache.catalina.startup.VersionLoggerListener.log å½ä»¤è¡åæ°ï¼-Djava.endorsed.dirs=catalina_home/endorsed
07-Jul-2020 18:37:50.028 信息 [main] org.apache.catalina.startup.VersionLoggerListener.log å½ä»¤è¡åæ°ï¼-Djava.io.tmpdir=catalina_home/temp
07-Jul-2020 18:37:50.029 信息 [main] org.apache.catalina.startup.VersionLoggerListener.log å½ä»¤è¡åæ°ï¼-Djava.util.logging.manager=org.apache.juli.ClassLoaderLogManager
07-Jul-2020 18:37:50.029 信息 [main] org.apache.catalina.startup.VersionLoggerListener.log å½ä»¤è¡åæ°ï¼-Djava.util.logging.config.file=catalina_home/conf/logging.properties
07-Jul-2020 18:37:50.029 信息 [main] org.apache.catalina.startup.VersionLoggerListener.log å½ä»¤è¡åæ°ï¼-javaagent:D:\tools\java\idea\IntelliJ IDEA 2018.2.2\lib\idea_rt.jar=58342:D:\tools\java\idea\IntelliJ IDEA 2018.2.2\bin
07-Jul-2020 18:37:50.029 信息 [main] org.apache.catalina.startup.VersionLoggerListener.log å½ä»¤è¡åæ°ï¼-Dfile.encoding=UTF-8
07-Jul-2020 18:37:50.029 信息 [main] org.apache.catalina.core.AprLifecycleListener.lifecycleEvent å¨java.library.path:[D:\tools\java\jdk1.8.0_191\bin;C:\WINDOWS\Sun\Java\bin;C:\WINDOWS\system32;C:\WINDOWS;D:\Program Files (x86)\NetSarang\Xshell 6\;D:\Program Files (x86)\NetSarang\Xftp 6\;C:\Program Files (x86)\Common Files\Oracle\Java\javapath;C:\WINDOWS\system32;C:\WINDOWS;C:\WINDOWS\System32\Wbem;C:\WINDOWS\System32\WindowsPowerShell\v1.0\;C:\WINDOWS\System32\OpenSSH\;D:\tools\java\jdk1.8.0_191\bin;.;D:\tools\java\jdk1.8.0_191\lib;D:\tools\java\jdk1.8.0_191\lib\tool.jar;D:\tools\maven\maven\apache-maven-3.5.0\bin;D:\tools\Git\Git\cmd;C:\Program Files\MySQL\MySQL Server 5.5\bin;D:\tools\Redis-x64-3.2.100;D:\pdfTools\node\;D:\tools\gradle\gradle-4.10.1\bin;C:\Users\lqq\AppData\Local\Microsoft\WindowsApps;C:\Users\lqq\AppData\Roaming\npm;.]ä¸æ¾ä¸å°åºäºAPRçApache Tomcatæ¬æºåºï¼è¯¥åºåè®¸å¨çäº§ç¯å¢ä¸­è·å¾æä½³æ§è½
07-Jul-2020 18:37:50.216 信息 [main] org.apache.coyote.AbstractProtocol.init åå§ååè®®å¤çå¨ ["http-nio-8080"]
07-Jul-2020 18:37:50.904 信息 [main] org.apache.tomcat.util.net.NioSelectorPool.getSharedSelector Using a shared selector for servlet write/read
07-Jul-2020 18:37:50.951 信息 [main] org.apache.catalina.startup.Catalina.load Initialization processed in 1684 ms
07-Jul-2020 18:37:51.022 信息 [main] org.apache.catalina.core.StandardService.startInternal æ­£å¨å¯å¨æå¡[Catalina]
07-Jul-2020 18:37:51.023 信息 [main] org.apache.catalina.core.StandardEngine.startInternal Starting Servlet Engine: Apache Tomcat/@VERSION@
07-Jul-2020 18:37:51.073 信息 [localhost-startStop-1] org.apache.catalina.startup.HostConfig.deployDirectory æweb åºç¨ç¨åºé¨ç½²å°ç®å½ [E:\myStudyWorkSpace\tomcatcode\catalina_home\webapps\docs]
07-Jul-2020 18:37:51.965 信息 [localhost-startStop-1] org.apache.jasper.servlet.TldScanner.scanJars è³å°æä¸ä¸ªJARè¢«æ«æç¨äºTLDä½å°æªåå«TLDã ä¸ºæ­¤è®°å½å¨å¯ç¨è°è¯æ¥å¿è®°å½ï¼ä»¥è·åå·²æ«æä½æªå¨å¶ä¸­æ¾å°TLDçå®æ´JARåè¡¨ã å¨æ«ææé´è·³è¿ä¸éè¦çJARå¯ä»¥ç¼©ç­å¯å¨æ¶é´åJSPç¼è¯æ¶é´ã
07-Jul-2020 18:37:52.047 信息 [localhost-startStop-1] org.apache.catalina.startup.HostConfig.deployDirectory Webåºç¨ç¨åºç®å½[E:\myStudyWorkSpace\tomcatcode\catalina_home\webapps\docs]çé¨ç½²å·²å¨[969]æ¯«ç§åå®æ
07-Jul-2020 18:37:52.047 信息 [localhost-startStop-1] org.apache.catalina.startup.HostConfig.deployDirectory æweb åºç¨ç¨åºé¨ç½²å°ç®å½ [E:\myStudyWorkSpace\tomcatcode\catalina_home\webapps\examples]
07-Jul-2020 18:37:52.502 信息 [localhost-startStop-1] org.apache.jasper.servlet.TldScanner.scanJars è³å°æä¸ä¸ªJARè¢«æ«æç¨äºTLDä½å°æªåå«TLDã ä¸ºæ­¤è®°å½å¨å¯ç¨è°è¯æ¥å¿è®°å½ï¼ä»¥è·åå·²æ«æä½æªå¨å¶ä¸­æ¾å°TLDçå®æ´JARåè¡¨ã å¨æ«ææé´è·³è¿ä¸éè¦çJARå¯ä»¥ç¼©ç­å¯å¨æ¶é´åJSPç¼è¯æ¶é´ã
07-Jul-2020 18:37:52.527 严重 [localhost-startStop-1] org.apache.catalina.core.StandardContext.startInternal ä¸ä¸ªæå¤ä¸ªlistenerså¯å¨å¤±è´¥ï¼æ´å¤è¯¦ç»ä¿¡æ¯æ¥çå¯¹åºçå®¹å¨æ¥å¿æä»¶
07-Jul-2020 18:37:52.528 严重 [localhost-startStop-1] org.apache.catalina.core.StandardContext.startInternal ç±äºä¹åçéè¯¯ï¼Context[/examples]å¯å¨å¤±è´¥
07-Jul-2020 18:37:52.541 信息 [localhost-startStop-1] org.apache.catalina.startup.HostConfig.deployDirectory Webåºç¨ç¨åºç®å½[E:\myStudyWorkSpace\tomcatcode\catalina_home\webapps\examples]çé¨ç½²å·²å¨[494]æ¯«ç§åå®æ
07-Jul-2020 18:37:52.541 信息 [localhost-startStop-1] org.apache.catalina.startup.HostConfig.deployDirectory æweb åºç¨ç¨åºé¨ç½²å°ç®å½ [E:\myStudyWorkSpace\tomcatcode\catalina_home\webapps\host-manager]
07-Jul-2020 18:37:52.702 信息 [localhost-startStop-1] org.apache.jasper.servlet.TldScanner.scanJars è³å°æä¸ä¸ªJARè¢«æ«æç¨äºTLDä½å°æªåå«TLDã ä¸ºæ­¤è®°å½å¨å¯ç¨è°è¯æ¥å¿è®°å½ï¼ä»¥è·åå·²æ«æä½æªå¨å¶ä¸­æ¾å°TLDçå®æ´JARåè¡¨ã å¨æ«ææé´è·³è¿ä¸éè¦çJARå¯ä»¥ç¼©ç­å¯å¨æ¶é´åJSPç¼è¯æ¶é´ã
07-Jul-2020 18:37:52.730 信息 [localhost-startStop-1] org.apache.catalina.startup.HostConfig.deployDirectory Webåºç¨ç¨åºç®å½[E:\myStudyWorkSpace\tomcatcode\catalina_home\webapps\host-manager]çé¨ç½²å·²å¨[189]æ¯«ç§åå®æ
07-Jul-2020 18:37:52.730 信息 [localhost-startStop-1] org.apache.catalina.startup.HostConfig.deployDirectory æweb åºç¨ç¨åºé¨ç½²å°ç®å½ [E:\myStudyWorkSpace\tomcatcode\catalina_home\webapps\manager]
07-Jul-2020 18:37:52.931 信息 [localhost-startStop-1] org.apache.jasper.servlet.TldScanner.scanJars è³å°æä¸ä¸ªJARè¢«æ«æç¨äºTLDä½å°æªåå«TLDã ä¸ºæ­¤è®°å½å¨å¯ç¨è°è¯æ¥å¿è®°å½ï¼ä»¥è·åå·²æ«æä½æªå¨å¶ä¸­æ¾å°TLDçå®æ´JARåè¡¨ã å¨æ«ææé´è·³è¿ä¸éè¦çJARå¯ä»¥ç¼©ç­å¯å¨æ¶é´åJSPç¼è¯æ¶é´ã
07-Jul-2020 18:37:52.937 信息 [localhost-startStop-1] org.apache.catalina.startup.HostConfig.deployDirectory Webåºç¨ç¨åºç®å½[E:\myStudyWorkSpace\tomcatcode\catalina_home\webapps\manager]çé¨ç½²å·²å¨[207]æ¯«ç§åå®æ
07-Jul-2020 18:37:52.938 信息 [localhost-startStop-1] org.apache.catalina.startup.HostConfig.deployDirectory æweb åºç¨ç¨åºé¨ç½²å°ç®å½ [E:\myStudyWorkSpace\tomcatcode\catalina_home\webapps\ROOT]
07-Jul-2020 18:37:53.049 信息 [localhost-startStop-1] org.apache.jasper.servlet.TldScanner.scanJars è³å°æä¸ä¸ªJARè¢«æ«æç¨äºTLDä½å°æªåå«TLDã ä¸ºæ­¤è®°å½å¨å¯ç¨è°è¯æ¥å¿è®°å½ï¼ä»¥è·åå·²æ«æä½æªå¨å¶ä¸­æ¾å°TLDçå®æ´JARåè¡¨ã å¨æ«ææé´è·³è¿ä¸éè¦çJARå¯ä»¥ç¼©ç­å¯å¨æ¶é´åJSPç¼è¯æ¶é´ã
07-Jul-2020 18:37:53.053 信息 [localhost-startStop-1] org.apache.catalina.startup.HostConfig.deployDirectory Webåºç¨ç¨åºç®å½[E:\myStudyWorkSpace\tomcatcode\catalina_home\webapps\ROOT]çé¨ç½²å·²å¨[115]æ¯«ç§åå®æ
07-Jul-2020 18:37:53.056 信息 [main] org.apache.coyote.AbstractProtocol.start å¼å§åè®®å¤çå¥æ["http-nio-8080"]
07-Jul-2020 18:37:53.069 信息 [main] org.apache.catalina.startup.Catalina.start Server startup in 2118 ms
